<?xml version="1.0" encoding="utf-8"?><testsuites name="pytest tests"><testsuite name="pytest" errors="0" failures="0" skipped="0" tests="13" time="0.705" timestamp="2026-01-17T03:43:21.780461+00:00" hostname="agent-env-2d3a0765-08d7-4fd5-90c5-a6e6525c580b"><testcase classname="tests.test_add_recipient_api.TestInternalLookup" name="test_lookup_requires_auth" time="0.104" /><testcase classname="tests.test_add_recipient_api.TestInternalLookup" name="test_lookup_mock_user_maria" time="0.035" /><testcase classname="tests.test_add_recipient_api.TestInternalLookup" name="test_lookup_mock_user_juan" time="0.043" /><testcase classname="tests.test_add_recipient_api.TestInternalLookup" name="test_lookup_mock_user_anna" time="0.039" /><testcase classname="tests.test_add_recipient_api.TestInternalLookup" name="test_lookup_nonexistent_user" time="0.040" /><testcase classname="tests.test_add_recipient_api.TestInternalLookup" name="test_lookup_by_phone" time="0.096" /><testcase classname="tests.test_add_recipient_api.TestInternalLookup" name="test_lookup_case_insensitive" time="0.037" /><testcase classname="tests.test_add_recipient_api.TestUserSearch" name="test_search_requires_min_length" time="0.036" /><testcase classname="tests.test_add_recipient_api.TestUserSearch" name="test_search_empty_query" time="0.035" /><testcase classname="tests.test_add_recipient_api.TestUserSearch" name="test_search_returns_users_array" time="0.047" /><testcase classname="tests.test_add_recipient_api.TestInternalInvite" name="test_invite_generates_message" time="0.043" /><testcase classname="tests.test_add_recipient_api.TestInternalInvite" name="test_invite_with_phone" time="0.035" /><testcase classname="tests.test_add_recipient_api.TestHealthCheck" name="test_health_endpoint" time="0.035" /></testsuite></testsuites>