<?xml version="1.0" encoding="utf-8"?><testsuites name="pytest tests"><testsuite name="pytest" errors="0" failures="0" skipped="0" tests="19" time="2.085" timestamp="2026-01-19T22:37:03.554271+00:00" hostname="agent-env-d5a8baa2-7693-4be3-b4e2-6ed99a19b9a5"><testcase classname="tests.test_bank_management.TestBankLinkedEndpoint" name="test_get_linked_banks_requires_auth" time="0.095" /><testcase classname="tests.test_bank_management.TestBankLinkedEndpoint" name="test_get_linked_banks_empty_for_new_user" time="0.049" /><testcase classname="tests.test_bank_management.TestBankLinkEndpoint" name="test_link_bank_requires_auth" time="0.040" /><testcase classname="tests.test_bank_management.TestBankLinkEndpoint" name="test_link_bank_success" time="0.047" /><testcase classname="tests.test_bank_management.TestBankLinkEndpoint" name="test_link_bank_minimal_payload" time="0.046" /><testcase classname="tests.test_bank_management.TestBankUnlinkEndpoint" name="test_unlink_bank_requires_auth" time="0.041" /><testcase classname="tests.test_bank_management.TestBankUnlinkEndpoint" name="test_unlink_nonexistent_bank" time="0.039" /><testcase classname="tests.test_bank_management.TestBankUnlinkEndpoint" name="test_unlink_bank_success" time="0.160" /><testcase classname="tests.test_bank_management.TestAddMoneyEndpoint" name="test_add_money_requires_auth" time="0.036" /><testcase classname="tests.test_bank_management.TestAddMoneyEndpoint" name="test_add_money_requires_valid_bank" time="0.038" /><testcase classname="tests.test_bank_management.TestAddMoneyEndpoint" name="test_add_money_validates_amount" time="0.488" /><testcase classname="tests.test_bank_management.TestAddMoneyEndpoint" name="test_add_money_success" time="0.247" /><testcase classname="tests.test_bank_management.TestWithdrawEndpoint" name="test_withdraw_requires_auth" time="0.080" /><testcase classname="tests.test_bank_management.TestWithdrawEndpoint" name="test_withdraw_requires_valid_bank" time="0.039" /><testcase classname="tests.test_bank_management.TestWithdrawEndpoint" name="test_withdraw_validates_amount" time="0.073" /><testcase classname="tests.test_bank_management.TestTransferHistoryEndpoint" name="test_transfers_requires_auth" time="0.034" /><testcase classname="tests.test_bank_management.TestTransferHistoryEndpoint" name="test_transfers_returns_list" time="0.049" /><testcase classname="tests.test_bank_management.TestWithdrawWithBalance" name="test_withdraw_insufficient_balance" time="0.075" /><testcase classname="tests.test_bank_management.TestEndToEndBankFlow" name="test_full_bank_flow" time="0.321" /></testsuite></testsuites>