<?xml version="1.0" encoding="utf-8"?><testsuites name="pytest tests"><testsuite name="pytest" errors="0" failures="0" skipped="0" tests="17" time="0.871" timestamp="2026-01-17T03:03:17.082304+00:00" hostname="agent-env-2d3a0765-08d7-4fd5-90c5-a6e6525c580b"><testcase classname="tests.test_internal_transfers.TestUserLookup" name="test_lookup_user_by_email" time="0.082" /><testcase classname="tests.test_internal_transfers.TestUserLookup" name="test_lookup_user_by_phone" time="0.037" /><testcase classname="tests.test_internal_transfers.TestUserLookup" name="test_lookup_nonexistent_user" time="0.039" /><testcase classname="tests.test_internal_transfers.TestUserLookup" name="test_lookup_case_insensitive_email" time="0.040" /><testcase classname="tests.test_internal_transfers.TestUserLookup" name="test_lookup_without_token" time="0.038" /><testcase classname="tests.test_internal_transfers.TestInternalTransfer" name="test_successful_transfer" time="0.046" /><testcase classname="tests.test_internal_transfers.TestInternalTransfer" name="test_transfer_limit_per_transaction" time="0.037" /><testcase classname="tests.test_internal_transfers.TestInternalTransfer" name="test_transfer_at_limit" time="0.040" /><testcase classname="tests.test_internal_transfers.TestInternalTransfer" name="test_insufficient_balance" time="0.036" /><testcase classname="tests.test_internal_transfers.TestInternalTransfer" name="test_transfer_to_nonexistent_user" time="0.038" /><testcase classname="tests.test_internal_transfers.TestInternalTransfer" name="test_transfer_without_token" time="0.037" /><testcase classname="tests.test_internal_transfers.TestInternalTransfer" name="test_transfer_zero_amount" time="0.033" /><testcase classname="tests.test_internal_transfers.TestInternalTransfer" name="test_transfer_negative_amount" time="0.074" /><testcase classname="tests.test_internal_transfers.TestIncomingTransfers" name="test_get_incoming_transfers" time="0.040" /><testcase classname="tests.test_internal_transfers.TestIncomingTransfers" name="test_incoming_transfers_without_token" time="0.037" /><testcase classname="tests.test_internal_transfers.TestInvite" name="test_generate_invite" time="0.041" /><testcase classname="tests.test_internal_transfers.TestTransferLedgerEntries" name="test_transfer_creates_ledger_entries" time="0.041" /></testsuite></testsuites>