<?xml version="1.0" encoding="utf-8"?><testsuites name="pytest tests"><testsuite name="pytest" errors="0" failures="0" skipped="1" tests="16" time="2.276" timestamp="2026-01-19T02:02:11.027378+00:00" hostname="agent-env-d2df92ed-69ec-4c6b-ab29-56466e4f7842"><testcase classname="tests.test_invite_viral_loop.TestProcessOnSignup" name="test_process_on_signup_no_auth" time="0.055" /><testcase classname="tests.test_invite_viral_loop.TestProcessOnSignup" name="test_process_on_signup_no_matching_invites" time="0.073" /><testcase classname="tests.test_invite_viral_loop.TestProcessOnSignup" name="test_process_on_signup_creates_friend_request" time="0.192" /><testcase classname="tests.test_invite_viral_loop.TestProcessOnSignup" name="test_invite_status_changes_to_converted" time="0.348" /><testcase classname="tests.test_invite_viral_loop.TestFriendRequestSourceMarker" name="test_friend_request_has_invite_auto_source" time="0.220" /><testcase classname="tests.test_invite_viral_loop.TestInvitesAllEndpoint" name="test_invites_all_returns_pending_and_converted" time="0.227" /><testcase classname="tests.test_invite_viral_loop.TestInvitesAllEndpoint" name="test_invites_all_no_auth" time="0.073" /><testcase classname="tests.test_invite_viral_loop.TestDuplicatePrevention" name="test_no_duplicate_if_already_friends" time="0.259" /><testcase classname="tests.test_invite_viral_loop.TestDuplicatePrevention" name="test_no_duplicate_if_pending_request_exists" time="0.182" /><testcase classname="tests.test_invite_viral_loop.TestBlockedUserPrevention" name="test_no_friend_request_if_blocked" time="0.250" /><testcase classname="tests.test_invite_viral_loop.TestRateLimitAndExpiry" name="test_rate_limit_message" time="0.000" /><testcase classname="tests.test_invite_viral_loop.TestRateLimitAndExpiry" name="test_30_day_expiry_logic" time="0.000" /><testcase classname="tests.test_invite_viral_loop.TestPhoneMatching" name="test_phone_invite_matches_on_signup" time="0.074"><skipped type="pytest.skip" message="Phone format not accepted by quick-add">/app/tests/test_invite_viral_loop.py:507: Phone format not accepted by quick-add</skipped></testcase><testcase classname="tests.test_invite_viral_loop.TestExistingTestData" name="test_existing_inviter_data" time="0.039" /><testcase classname="tests.test_invite_viral_loop.TestExistingTestData" name="test_existing_new_joiner_data" time="0.036" /><testcase classname="tests.test_invite_viral_loop.TestSourceFieldInFriendsList" name="test_source_field_returned_in_incoming_requests" time="0.190" /></testsuite></testsuites>