<?xml version="1.0" encoding="utf-8"?><testsuites name="pytest tests"><testsuite name="pytest" errors="0" failures="3" skipped="0" tests="13" time="2.061" timestamp="2026-01-19T01:59:07.427744+00:00" hostname="agent-env-d2df92ed-69ec-4c6b-ab29-56466e4f7842"><testcase classname="tests.test_invite_viral_loop.TestProcessOnSignup" name="test_process_on_signup_no_auth" time="0.105" /><testcase classname="tests.test_invite_viral_loop.TestProcessOnSignup" name="test_process_on_signup_no_matching_invites" time="0.179" /><testcase classname="tests.test_invite_viral_loop.TestProcessOnSignup" name="test_process_on_signup_creates_friend_request" time="0.193"><failure message="AssertionError: assert 0 &gt;= 1&#10; +  where 0 = &lt;built-in method get of dict object at 0xfdb66a5e6e00&gt;('processed')&#10; +    where &lt;built-in method get of dict object at 0xfdb66a5e6e00&gt; = {'message': 'User not found', 'processed': 0}.get">tests/test_invite_viral_loop.py:126: in test_process_on_signup_creates_friend_request
    assert process_data.get("processed") &gt;= 1
E   AssertionError: assert 0 &gt;= 1
E    +  where 0 = &lt;built-in method get of dict object at 0xfdb66a5e6e00&gt;('processed')
E    +    where &lt;built-in method get of dict object at 0xfdb66a5e6e00&gt; = {'message': 'User not found', 'processed': 0}.get</failure></testcase><testcase classname="tests.test_invite_viral_loop.TestProcessOnSignup" name="test_invite_status_changes_to_converted" time="0.251"><failure message="AssertionError: assert 'pending' == 'converted'&#10;  &#10;  - converted&#10;  + pending">tests/test_invite_viral_loop.py:206: in test_invite_status_changes_to_converted
    assert converted_invite.get("status") == "converted"
E   AssertionError: assert 'pending' == 'converted'
E     
E     - converted
E     + pending</failure></testcase><testcase classname="tests.test_invite_viral_loop.TestFriendRequestSourceMarker" name="test_friend_request_has_invite_auto_source" time="0.146" /><testcase classname="tests.test_invite_viral_loop.TestInvitesAllEndpoint" name="test_invites_all_returns_pending_and_converted" time="0.217" /><testcase classname="tests.test_invite_viral_loop.TestInvitesAllEndpoint" name="test_invites_all_no_auth" time="0.037" /><testcase classname="tests.test_invite_viral_loop.TestDuplicatePrevention" name="test_no_duplicate_if_already_friends" time="0.266" /><testcase classname="tests.test_invite_viral_loop.TestDuplicatePrevention" name="test_no_duplicate_if_pending_request_exists" time="0.187" /><testcase classname="tests.test_invite_viral_loop.TestBlockedUserPrevention" name="test_no_friend_request_if_blocked" time="0.295" /><testcase classname="tests.test_invite_viral_loop.TestRateLimitAndExpiry" name="test_rate_limit_message" time="0.000" /><testcase classname="tests.test_invite_viral_loop.TestRateLimitAndExpiry" name="test_30_day_expiry_logic" time="0.000" /><testcase classname="tests.test_invite_viral_loop.TestPhoneMatching" name="test_phone_invite_matches_on_signup" time="0.070"><failure message="assert 400 == 200&#10; +  where 400 = &lt;Response [400]&gt;.status_code">tests/test_invite_viral_loop.py:553: in test_phone_invite_matches_on_signup
    assert invite_response.status_code == 200
E   assert 400 == 200
E    +  where 400 = &lt;Response [400]&gt;.status_code</failure></testcase></testsuite></testsuites>