<?xml version="1.0" encoding="utf-8"?><testsuites name="pytest tests"><testsuite name="pytest" errors="0" failures="0" skipped="1" tests="15" time="2.103" timestamp="2026-01-19T02:00:51.505336+00:00" hostname="agent-env-d2df92ed-69ec-4c6b-ab29-56466e4f7842"><testcase classname="tests.test_invite_viral_loop.TestProcessOnSignup" name="test_process_on_signup_no_auth" time="0.097" /><testcase classname="tests.test_invite_viral_loop.TestProcessOnSignup" name="test_process_on_signup_no_matching_invites" time="0.085" /><testcase classname="tests.test_invite_viral_loop.TestProcessOnSignup" name="test_process_on_signup_creates_friend_request" time="0.226" /><testcase classname="tests.test_invite_viral_loop.TestProcessOnSignup" name="test_invite_status_changes_to_converted" time="0.238" /><testcase classname="tests.test_invite_viral_loop.TestFriendRequestSourceMarker" name="test_friend_request_has_invite_auto_source" time="0.225" /><testcase classname="tests.test_invite_viral_loop.TestInvitesAllEndpoint" name="test_invites_all_returns_pending_and_converted" time="0.269" /><testcase classname="tests.test_invite_viral_loop.TestInvitesAllEndpoint" name="test_invites_all_no_auth" time="0.034" /><testcase classname="tests.test_invite_viral_loop.TestDuplicatePrevention" name="test_no_duplicate_if_already_friends" time="0.263" /><testcase classname="tests.test_invite_viral_loop.TestDuplicatePrevention" name="test_no_duplicate_if_pending_request_exists" time="0.188" /><testcase classname="tests.test_invite_viral_loop.TestBlockedUserPrevention" name="test_no_friend_request_if_blocked" time="0.262" /><testcase classname="tests.test_invite_viral_loop.TestRateLimitAndExpiry" name="test_rate_limit_message" time="0.000" /><testcase classname="tests.test_invite_viral_loop.TestRateLimitAndExpiry" name="test_30_day_expiry_logic" time="0.000" /><testcase classname="tests.test_invite_viral_loop.TestPhoneMatching" name="test_phone_invite_matches_on_signup" time="0.070"><skipped type="pytest.skip" message="Phone format not accepted by quick-add">/app/tests/test_invite_viral_loop.py:507: Phone format not accepted by quick-add</skipped></testcase><testcase classname="tests.test_invite_viral_loop.TestExistingTestData" name="test_existing_inviter_data" time="0.035" /><testcase classname="tests.test_invite_viral_loop.TestExistingTestData" name="test_existing_new_joiner_data" time="0.036" /></testsuite></testsuites>