<?xml version="1.0" encoding="utf-8"?><testsuites name="pytest tests"><testsuite name="pytest" errors="0" failures="0" skipped="0" tests="65" time="56.567" timestamp="2026-01-17T01:26:03.116934+00:00" hostname="agent-env-6da7e760-5cd7-4e8a-a473-b9498d189bcf"><testcase classname="tests.test_email_persistence.TestEmailPersistence" name="test_set_role_with_email_success" time="0.213" /><testcase classname="tests.test_email_persistence.TestEmailPersistence" name="test_email_normalization_lowercase" time="0.080" /><testcase classname="tests.test_email_persistence.TestEmailPersistence" name="test_email_normalization_trim_whitespace" time="0.037" /><testcase classname="tests.test_email_persistence.TestEmailPersistence" name="test_get_user_returns_persisted_email" time="0.071" /><testcase classname="tests.test_email_persistence.TestEmailPersistence" name="test_set_role_without_email" time="0.077" /><testcase classname="tests.test_email_persistence.TestEmailPersistence" name="test_duplicate_email_rejected" time="0.076" /><testcase classname="tests.test_email_persistence.TestEmailPersistence" name="test_duplicate_email_case_insensitive" time="0.073" /><testcase classname="tests.test_email_persistence.TestEmailPersistence" name="test_same_user_can_update_own_email" time="0.117" /><testcase classname="tests.test_email_persistence.TestEmailPersistence" name="test_same_user_can_keep_same_email" time="0.076" /><testcase classname="tests.test_email_persistence.TestEmailPersistence" name="test_email_with_null_value" time="0.036" /><testcase classname="tests.test_email_persistence.TestEmailPersistence" name="test_email_with_empty_string" time="0.075" /><testcase classname="tests.test_recipient_api.TestRecipientWallet" name="test_get_wallet_balances" time="0.036" /><testcase classname="tests.test_recipient_api.TestRecipientFxConversion" name="test_get_fx_quote" time="0.036" /><testcase classname="tests.test_recipient_api.TestRecipientFxConversion" name="test_get_fx_quote_different_amounts" time="0.109" /><testcase classname="tests.test_recipient_api.TestRecipientFxConversion" name="test_lock_fx_rate" time="0.033" /><testcase classname="tests.test_recipient_api.TestRecipientFxConversion" name="test_execute_conversion" time="0.033" /><testcase classname="tests.test_recipient_api.TestRecipientFxConversion" name="test_execute_conversion_invalid_amount" time="0.071" /><testcase classname="tests.test_recipient_api.TestRecipientBills" name="test_get_billers" time="0.040" /><testcase classname="tests.test_recipient_api.TestRecipientBills" name="test_get_saved_billers" time="0.040" /><testcase classname="tests.test_recipient_api.TestRecipientBills" name="test_get_bill_history" time="0.033" /><testcase classname="tests.test_recipient_api.TestRecipientBills" name="test_pay_bill" time="0.035" /><testcase classname="tests.test_recipient_api.TestRecipientBills" name="test_pay_bill_invalid_biller" time="0.034" /><testcase classname="tests.test_recipient_api.TestRecipientBills" name="test_pay_bill_invalid_amount" time="0.038" /><testcase classname="tests.test_recipient_api.TestRecipientTransfers" name="test_get_transfer_methods" time="0.035" /><testcase classname="tests.test_recipient_api.TestRecipientTransfers" name="test_get_transfer_history" time="0.037" /><testcase classname="tests.test_recipient_api.TestRecipientTransfers" name="test_create_transfer_gcash" time="0.053" /><testcase classname="tests.test_recipient_api.TestRecipientTransfers" name="test_create_transfer_instapay" time="0.036" /><testcase classname="tests.test_recipient_api.TestRecipientTransfers" name="test_create_transfer_invalid_method" time="0.033" /><testcase classname="tests.test_recipient_api.TestRecipientTransfers" name="test_create_transfer_exceeds_limit" time="0.037" /><testcase classname="tests.test_recipient_api.TestRecipientStatements" name="test_get_statements" time="0.035" /><testcase classname="tests.test_recipient_api.TestRecipientStatements" name="test_get_statements_with_limit" time="0.035" /><testcase classname="tests.test_recipient_api.TestRecipientStatements" name="test_export_statement_pdf" time="0.037" /><testcase classname="tests.test_recipient_mongodb.TestRecipientWalletMongoDB" name="test_get_wallet_creates_default_for_new_user" time="0.034" /><testcase classname="tests.test_recipient_mongodb.TestRecipientWalletMongoDB" name="test_wallet_persists_across_requests" time="0.110" /><testcase classname="tests.test_recipient_mongodb.TestRecipientWalletMongoDB" name="test_wallet_requires_auth" time="0.032" /><testcase classname="tests.test_recipient_mongodb.TestFxConversionMongoDB" name="test_conversion_updates_wallet_balances" time="0.148" /><testcase classname="tests.test_recipient_mongodb.TestFxConversionMongoDB" name="test_conversion_insufficient_balance" time="0.070" /><testcase classname="tests.test_recipient_mongodb.TestFxConversionMongoDB" name="test_conversion_creates_ledger_entry" time="0.115" /><testcase classname="tests.test_recipient_mongodb.TestBillPaymentMongoDB" name="test_bill_payment_deducts_php_balance" time="0.105" /><testcase classname="tests.test_recipient_mongodb.TestBillPaymentMongoDB" name="test_bill_payment_insufficient_balance" time="0.067" /><testcase classname="tests.test_recipient_mongodb.TestBillPaymentMongoDB" name="test_bill_payment_creates_ledger_entry" time="0.074" /><testcase classname="tests.test_recipient_mongodb.TestTransferMongoDB" name="test_transfer_deducts_php_balance" time="0.113" /><testcase classname="tests.test_recipient_mongodb.TestTransferMongoDB" name="test_transfer_insufficient_balance" time="0.073" /><testcase classname="tests.test_recipient_mongodb.TestTransferMongoDB" name="test_transfer_creates_ledger_entry" time="0.073" /><testcase classname="tests.test_recipient_mongodb.TestSavedBillersMongoDB" name="test_save_biller_persists" time="0.073" /><testcase classname="tests.test_recipient_mongodb.TestSavedBillersMongoDB" name="test_save_biller_via_bill_payment" time="0.074" /><testcase classname="tests.test_recipient_mongodb.TestSavedBillersMongoDB" name="test_saved_billers_user_isolated" time="0.068" /><testcase classname="tests.test_recipient_mongodb.TestStatementsMongoDB" name="test_statements_returns_all_transactions" time="0.141" /><testcase classname="tests.test_recipient_mongodb.TestStatementsMongoDB" name="test_statements_summary_aggregation" time="0.109" /><testcase classname="tests.test_recipient_mongodb.TestStatementsMongoDB" name="test_statements_user_isolated" time="0.070" /><testcase classname="tests.test_recipient_mongodb.TestExistingTestUser" name="test_existing_test_user_wallet" time="0.044" /><testcase classname="tests.test_user_role_api.TestUserRoleAPI" name="test_set_role_sender_success" time="0.036" /><testcase classname="tests.test_user_role_api.TestUserRoleAPI" name="test_set_role_recipient_success" time="0.042" /><testcase classname="tests.test_user_role_api.TestUserRoleAPI" name="test_set_role_invalid_role" time="0.037" /><testcase classname="tests.test_user_role_api.TestUserRoleAPI" name="test_set_role_no_token" time="0.038" /><testcase classname="tests.test_user_role_api.TestUserRoleAPI" name="test_set_role_empty_token" time="0.032" /><testcase classname="tests.test_user_role_api.TestUserRoleAPI" name="test_set_role_updates_existing_user" time="0.142" /><testcase classname="tests.test_user_role_api.TestUserRoleAPI" name="test_get_user_existing_recipient" time="0.040" /><testcase classname="tests.test_user_role_api.TestUserRoleAPI" name="test_get_user_existing_sender" time="0.037" /><testcase classname="tests.test_user_role_api.TestUserRoleAPI" name="test_get_user_new_user" time="0.033" /><testcase classname="tests.test_user_role_api.TestUserRoleAPI" name="test_get_user_no_token" time="0.034" /><testcase classname="tests.test_user_role_api.TestUserRoleAPI" name="test_get_user_after_set_role" time="52.240" /><testcase classname="tests.test_user_role_api.TestUserRoleAPI" name="test_role_persists_in_database" time="0.235" /><testcase classname="tests.test_user_role_api.TestUserRoleAPI" name="test_response_excludes_mongodb_id" time="0.042" /><testcase classname="tests.test_user_role_api.TestHealthEndpoint" name="test_health_endpoint" time="0.048" /></testsuite></testsuites>