<?xml version="1.0" encoding="utf-8"?><testsuites name="pytest tests"><testsuite name="pytest" errors="0" failures="0" skipped="0" tests="24" time="2.776" timestamp="2026-01-19T22:24:20.838093+00:00" hostname="agent-env-d5a8baa2-7693-4be3-b4e2-6ed99a19b9a5"><testcase classname="tests.test_ledger_hardening.TestHealthEndpoint" name="test_health_endpoint_returns_200" time="0.099" /><testcase classname="tests.test_ledger_hardening.TestHealthEndpoint" name="test_health_endpoint_has_status" time="0.037" /><testcase classname="tests.test_ledger_hardening.TestHealthEndpoint" name="test_health_endpoint_has_mongodb_component" time="0.042" /><testcase classname="tests.test_ledger_hardening.TestHealthEndpoint" name="test_health_endpoint_has_feature_flags" time="0.037" /><testcase classname="tests.test_ledger_hardening.TestAdminEndpointsAuth" name="test_admin_roles_without_auth_returns_401" time="0.037" /><testcase classname="tests.test_ledger_hardening.TestAdminEndpointsAuth" name="test_admin_users_without_auth_returns_401" time="0.037" /><testcase classname="tests.test_ledger_hardening.TestAdminEndpointsAuth" name="test_admin_wallets_without_auth_returns_401" time="0.076" /><testcase classname="tests.test_ledger_hardening.TestAdminEndpointsAuth" name="test_admin_ledger_without_auth_returns_401" time="0.077" /><testcase classname="tests.test_ledger_hardening.TestAdminEndpointsAuth" name="test_admin_audit_logs_without_auth_returns_401" time="0.077" /><testcase classname="tests.test_ledger_hardening.TestAdminEndpointsAuth" name="test_admin_with_non_admin_user_returns_403" time="0.044" /><testcase classname="tests.test_ledger_hardening.TestAmountValidation" name="test_zero_amount_rejected" time="0.147" /><testcase classname="tests.test_ledger_hardening.TestAmountValidation" name="test_negative_amount_rejected" time="0.146" /><testcase classname="tests.test_ledger_hardening.TestAmountValidation" name="test_amount_over_5000_rejected" time="0.141" /><testcase classname="tests.test_ledger_hardening.TestAmountValidation" name="test_valid_amount_accepted" time="0.161" /><testcase classname="tests.test_ledger_hardening.TestSelfTransferPrevention" name="test_self_transfer_returns_400" time="0.070" /><testcase classname="tests.test_ledger_hardening.TestIdempotencyReplay" name="test_idempotency_replay_returns_same_tx_id" time="0.229" /><testcase classname="tests.test_ledger_hardening.TestIdempotencyCollision" name="test_idempotency_collision_different_amount_returns_409" time="0.274" /><testcase classname="tests.test_ledger_hardening.TestIdempotencyCollision" name="test_idempotency_collision_different_recipient_returns_409" time="0.267" /><testcase classname="tests.test_ledger_hardening.TestConcurrentDoubleSpend" name="test_concurrent_double_spend_only_one_succeeds" time="0.259" /><testcase classname="tests.test_ledger_hardening.TestLedgerIntegrity" name="test_transfer_creates_ledger_tx_header" time="0.163" /><testcase classname="tests.test_ledger_hardening.TestLedgerIntegrity" name="test_transfer_response_has_required_fields" time="0.119" /><testcase classname="tests.test_ledger_hardening.TestWalletFunding" name="test_fund_wallet_success" time="0.037" /><testcase classname="tests.test_ledger_hardening.TestWalletFunding" name="test_fund_wallet_without_session_returns_401" time="0.039" /><testcase classname="tests.test_ledger_hardening.TestFriendshipRequired" name="test_transfer_without_friendship_returns_403" time="0.070" /></testsuite></testsuites>