<?xml version="1.0" encoding="utf-8"?><testsuites name="pytest tests"><testsuite name="pytest" errors="0" failures="0" skipped="0" tests="19" time="1.097" timestamp="2026-01-17T03:29:50.126097+00:00" hostname="agent-env-2d3a0765-08d7-4fd5-90c5-a6e6525c580b"><testcase classname="tests.test_notifications_magic_link.TestNotificationPreferences" name="test_get_preferences_returns_defaults" time="0.072" /><testcase classname="tests.test_notifications_magic_link.TestNotificationPreferences" name="test_get_preferences_requires_auth" time="0.036" /><testcase classname="tests.test_notifications_magic_link.TestNotificationPreferences" name="test_update_preferences_sms_disabled" time="0.046" /><testcase classname="tests.test_notifications_magic_link.TestNotificationPreferences" name="test_update_preferences_email_disabled" time="0.045" /><testcase classname="tests.test_notifications_magic_link.TestNotificationPreferences" name="test_update_preferences_both_disabled" time="0.040" /><testcase classname="tests.test_notifications_magic_link.TestNotificationPreferences" name="test_update_preferences_both_enabled" time="0.109" /><testcase classname="tests.test_notifications_magic_link.TestNotificationPreferences" name="test_update_preferences_requires_auth" time="0.045" /><testcase classname="tests.test_notifications_magic_link.TestNotificationPreferences" name="test_preferences_persist_after_update" time="0.115" /><testcase classname="tests.test_notifications_magic_link.TestNotificationStatus" name="test_get_notification_status" time="0.039" /><testcase classname="tests.test_notifications_magic_link.TestMagicLinkVerify" name="test_verify_invalid_token" time="0.038" /><testcase classname="tests.test_notifications_magic_link.TestMagicLinkVerify" name="test_verify_empty_token" time="0.079" /><testcase classname="tests.test_notifications_magic_link.TestMagicLinkVerify" name="test_verify_missing_token" time="0.045" /><testcase classname="tests.test_notifications_magic_link.TestMagicLinkResend" name="test_resend_valid_email" time="0.069" /><testcase classname="tests.test_notifications_magic_link.TestMagicLinkResend" name="test_resend_nonexistent_email" time="0.036" /><testcase classname="tests.test_notifications_magic_link.TestMagicLinkResend" name="test_resend_invalid_email_format" time="0.036" /><testcase classname="tests.test_notifications_magic_link.TestMagicLinkResend" name="test_resend_missing_email" time="0.035" /><testcase classname="tests.test_notifications_magic_link.TestMagicLinkInfo" name="test_get_magic_link_info" time="0.035" /><testcase classname="tests.test_notifications_magic_link.TestTransferNotifications" name="test_transfer_triggers_notification_in_background" time="0.044" /><testcase classname="tests.test_notifications_magic_link.TestHealthAndStatus" name="test_api_health" time="0.036" /></testsuite></testsuites>