<?xml version="1.0" encoding="utf-8"?><testsuites name="pytest tests"><testsuite name="pytest" errors="0" failures="0" skipped="0" tests="19" time="2.457" timestamp="2026-01-26T23:45:56.299912+00:00" hostname="agent-env-d7303028-54e7-4b88-8145-02ec13620a3a"><testcase classname="tests.test_p1_wallet_fx.TestAuthRegistration" name="test_register_new_user" time="0.112" /><testcase classname="tests.test_p1_wallet_fx.TestAuthRegistration" name="test_register_duplicate_email_fails" time="0.044" /><testcase classname="tests.test_p1_wallet_fx.TestAuthRegistration" name="test_register_short_password_fails" time="0.042" /><testcase classname="tests.test_p1_wallet_fx.TestAuthLogin" name="test_login_success" time="0.138" /><testcase classname="tests.test_p1_wallet_fx.TestAuthLogin" name="test_login_wrong_password_fails" time="0.075" /><testcase classname="tests.test_p1_wallet_fx.TestAuthLogin" name="test_login_nonexistent_user_fails" time="0.042" /><testcase classname="tests.test_p1_wallet_fx.TestWalletBalance" name="test_get_wallet_balance_authenticated" time="0.114" /><testcase classname="tests.test_p1_wallet_fx.TestWalletBalance" name="test_get_wallet_balance_no_auth_fails" time="0.154" /><testcase classname="tests.test_p1_wallet_fx.TestFXQuote" name="test_get_fx_quote_usd_to_php" time="0.109" /><testcase classname="tests.test_p1_wallet_fx.TestFXQuote" name="test_get_fx_quote_zero_amount_fails" time="0.153" /><testcase classname="tests.test_p1_wallet_fx.TestFXQuote" name="test_get_fx_quote_negative_amount_fails" time="0.156" /><testcase classname="tests.test_p1_wallet_fx.TestFXQuote" name="test_get_fx_quote_no_auth_fails" time="0.154" /><testcase classname="tests.test_p1_wallet_fx.TestFXConvert" name="test_convert_usd_to_php_success" time="0.230" /><testcase classname="tests.test_p1_wallet_fx.TestFXConvert" name="test_convert_insufficient_balance_fails" time="0.155" /><testcase classname="tests.test_p1_wallet_fx.TestFXConvert" name="test_convert_zero_amount_fails" time="0.138" /><testcase classname="tests.test_p1_wallet_fx.TestFXConvert" name="test_convert_negative_amount_fails" time="0.153" /><testcase classname="tests.test_p1_wallet_fx.TestFXConvert" name="test_convert_no_auth_fails" time="0.143" /><testcase classname="tests.test_p1_wallet_fx.TestAuthMe" name="test_get_current_user" time="0.111" /><testcase classname="tests.test_p1_wallet_fx.TestAuthMe" name="test_get_current_user_no_auth_fails" time="0.144" /></testsuite></testsuites>