<?xml version="1.0" encoding="utf-8"?><testsuites name="pytest tests"><testsuite name="pytest" errors="0" failures="0" skipped="0" tests="9" time="0.620" timestamp="2026-01-19T20:30:06.516136+00:00" hostname="agent-env-69bc7d1a-7016-4718-8fa0-201a9012770a"><testcase classname="tests.test_phone_input_and_fund_wallet.TestFundWalletAPI" name="test_fund_wallet_success" time="0.084" /><testcase classname="tests.test_phone_input_and_fund_wallet.TestFundWalletAPI" name="test_fund_wallet_multiple_calls_no_clone_error" time="0.114" /><testcase classname="tests.test_phone_input_and_fund_wallet.TestFundWalletAPI" name="test_fund_wallet_invalid_amount_zero" time="0.044" /><testcase classname="tests.test_phone_input_and_fund_wallet.TestFundWalletAPI" name="test_fund_wallet_invalid_amount_negative" time="0.036" /><testcase classname="tests.test_phone_input_and_fund_wallet.TestFundWalletAPI" name="test_fund_wallet_exceeds_max" time="0.035" /><testcase classname="tests.test_phone_input_and_fund_wallet.TestFundWalletAPI" name="test_fund_wallet_no_session" time="0.035" /><testcase classname="tests.test_phone_input_and_fund_wallet.TestQuickAddAPI" name="test_quick_add_phone_e164_format" time="0.041" /><testcase classname="tests.test_phone_input_and_fund_wallet.TestQuickAddAPI" name="test_quick_add_ph_phone_e164_format" time="0.079" /><testcase classname="tests.test_phone_input_and_fund_wallet.TestHealthCheck" name="test_api_health" time="0.041" /></testsuite></testsuites>