<?xml version="1.0" encoding="utf-8"?><testsuites name="pytest tests"><testsuite name="pytest" errors="0" failures="0" skipped="0" tests="31" time="1.200" timestamp="2026-01-17T19:31:04.210722+00:00" hostname="agent-env-d2df92ed-69ec-4c6b-ab29-56466e4f7842"><testcase classname="tests.test_profiles_businesses_api.TestHealthCheck" name="test_health_endpoint" time="0.081" /><testcase classname="tests.test_profiles_businesses_api.TestProfilesAPI" name="test_get_profiles_requires_auth" time="0.012" /><testcase classname="tests.test_profiles_businesses_api.TestProfilesAPI" name="test_get_profiles_auto_creates_personal" time="0.052" /><testcase classname="tests.test_profiles_businesses_api.TestProfilesAPI" name="test_create_business_requires_auth" time="0.015" /><testcase classname="tests.test_profiles_businesses_api.TestProfilesAPI" name="test_create_business_validates_handle" time="0.011" /><testcase classname="tests.test_profiles_businesses_api.TestProfilesAPI" name="test_create_business_success" time="0.054" /><testcase classname="tests.test_profiles_businesses_api.TestProfilesAPI" name="test_create_business_handle_uniqueness" time="0.076" /><testcase classname="tests.test_profiles_businesses_api.TestProfilesAPI" name="test_switch_profile_requires_auth" time="0.051" /><testcase classname="tests.test_profiles_businesses_api.TestProfilesAPI" name="test_switch_profile_not_found" time="0.010" /><testcase classname="tests.test_profiles_businesses_api.TestProfilesAPI" name="test_switch_profile_success" time="0.062" /><testcase classname="tests.test_profiles_businesses_api.TestProfilesAPI" name="test_search_people_requires_min_query" time="0.009" /><testcase classname="tests.test_profiles_businesses_api.TestProfilesAPI" name="test_search_people_returns_results" time="0.051" /><testcase classname="tests.test_profiles_businesses_api.TestProfilesAPI" name="test_search_businesses_requires_min_query" time="0.008" /><testcase classname="tests.test_profiles_businesses_api.TestProfilesAPI" name="test_search_businesses_returns_results" time="0.011" /><testcase classname="tests.test_profiles_businesses_api.TestBusinessesAPI" name="test_discover_businesses" time="0.051" /><testcase classname="tests.test_profiles_businesses_api.TestBusinessesAPI" name="test_discover_businesses_by_category" time="0.052" /><testcase classname="tests.test_profiles_businesses_api.TestBusinessesAPI" name="test_get_categories" time="0.016" /><testcase classname="tests.test_profiles_businesses_api.TestBusinessesAPI" name="test_business_chat_requires_auth" time="0.011" /><testcase classname="tests.test_profiles_businesses_api.TestBusinessesAPI" name="test_business_chat_not_found" time="0.052" /><testcase classname="tests.test_profiles_businesses_api.TestBusinessesAPI" name="test_business_chat_success" time="0.034" /><testcase classname="tests.test_profiles_businesses_api.TestBusinessesAPI" name="test_business_pay_requires_auth" time="0.049" /><testcase classname="tests.test_profiles_businesses_api.TestBusinessesAPI" name="test_business_pay_validates_amount" time="0.009" /><testcase classname="tests.test_profiles_businesses_api.TestBusinessesAPI" name="test_business_pay_not_found" time="0.050" /><testcase classname="tests.test_profiles_businesses_api.TestBusinessesAPI" name="test_business_pay_success" time="0.041" /><testcase classname="tests.test_profiles_businesses_api.TestBusinessesAPI" name="test_businesses_paid_requires_auth" time="0.050" /><testcase classname="tests.test_profiles_businesses_api.TestBusinessesAPI" name="test_businesses_paid_returns_list" time="0.010" /><testcase classname="tests.test_profiles_businesses_api.TestBusinessesAPI" name="test_get_business_profile_not_found" time="0.010" /><testcase classname="tests.test_profiles_businesses_api.TestBusinessesAPI" name="test_get_business_profile_success" time="0.060" /><testcase classname="tests.test_profiles_businesses_api.TestProfilesGetAndUpdate" name="test_get_active_profile" time="0.009" /><testcase classname="tests.test_profiles_businesses_api.TestProfilesGetAndUpdate" name="test_get_profile_by_id" time="0.061" /><testcase classname="tests.test_profiles_businesses_api.TestProfilesGetAndUpdate" name="test_update_personal_profile" time="0.012" /></testsuite></testsuites>