<?xml version="1.0" encoding="utf-8"?><testsuites name="pytest tests"><testsuite name="pytest" errors="0" failures="0" skipped="0" tests="23" time="1.141" timestamp="2026-01-16T23:59:29.879132+00:00" hostname="agent-env-f08d72e0-b771-4ff0-b3dd-63142ff6bb01"><testcase classname="tests.test_recipient_api.TestRecipientWallet" name="test_get_wallet_balances" time="0.079" /><testcase classname="tests.test_recipient_api.TestRecipientFxConversion" name="test_get_fx_quote" time="0.036" /><testcase classname="tests.test_recipient_api.TestRecipientFxConversion" name="test_get_fx_quote_different_amounts" time="0.109" /><testcase classname="tests.test_recipient_api.TestRecipientFxConversion" name="test_lock_fx_rate" time="0.040" /><testcase classname="tests.test_recipient_api.TestRecipientFxConversion" name="test_execute_conversion" time="0.036" /><testcase classname="tests.test_recipient_api.TestRecipientFxConversion" name="test_execute_conversion_invalid_amount" time="0.071" /><testcase classname="tests.test_recipient_api.TestRecipientBills" name="test_get_billers" time="0.037" /><testcase classname="tests.test_recipient_api.TestRecipientBills" name="test_get_saved_billers" time="0.039" /><testcase classname="tests.test_recipient_api.TestRecipientBills" name="test_get_bill_history" time="0.036" /><testcase classname="tests.test_recipient_api.TestRecipientBills" name="test_pay_bill" time="0.035" /><testcase classname="tests.test_recipient_api.TestRecipientBills" name="test_pay_bill_invalid_biller" time="0.036" /><testcase classname="tests.test_recipient_api.TestRecipientBills" name="test_pay_bill_invalid_amount" time="0.040" /><testcase classname="tests.test_recipient_api.TestRecipientTransfers" name="test_get_transfer_methods" time="0.036" /><testcase classname="tests.test_recipient_api.TestRecipientTransfers" name="test_get_transfer_history" time="0.037" /><testcase classname="tests.test_recipient_api.TestRecipientTransfers" name="test_create_transfer_gcash" time="0.034" /><testcase classname="tests.test_recipient_api.TestRecipientTransfers" name="test_create_transfer_instapay" time="0.035" /><testcase classname="tests.test_recipient_api.TestRecipientTransfers" name="test_create_transfer_invalid_method" time="0.034" /><testcase classname="tests.test_recipient_api.TestRecipientTransfers" name="test_create_transfer_exceeds_limit" time="0.036" /><testcase classname="tests.test_recipient_api.TestRecipientStatements" name="test_get_statements" time="0.031" /><testcase classname="tests.test_recipient_api.TestRecipientStatements" name="test_get_statements_with_limit" time="0.038" /><testcase classname="tests.test_recipient_api.TestRecipientStatements" name="test_get_statements_filter_by_type" time="0.038" /><testcase classname="tests.test_recipient_api.TestRecipientStatements" name="test_get_statements_filter_by_currency" time="0.036" /><testcase classname="tests.test_recipient_api.TestRecipientStatements" name="test_export_statement_pdf" time="0.035" /></testsuite></testsuites>