<?xml version="1.0" encoding="utf-8"?><testsuites name="pytest tests"><testsuite name="pytest" errors="0" failures="6" skipped="1" tests="13" time="0.772" timestamp="2026-01-18T20:30:26.806685+00:00" hostname="agent-env-d2df92ed-69ec-4c6b-ab29-56466e4f7842"><testcase classname="tests.test_quick_add_api.TestQuickAddAPI" name="test_quick_add_with_existing_email" time="0.088"><skipped type="pytest.skip" message="Could not create test user for existing email test">/app/tests/test_quick_add_api.py:54: Could not create test user for existing email test</skipped></testcase><testcase classname="tests.test_quick_add_api.TestQuickAddAPI" name="test_quick_add_with_non_existing_email" time="0.039"><failure message="assert 520 == 200&#10; +  where 520 = &lt;Response [520]&gt;.status_code">tests/test_quick_add_api.py:69: in test_quick_add_with_non_existing_email
    assert response.status_code == 200
E   assert 520 == 200
E    +  where 520 = &lt;Response [520]&gt;.status_code</failure></testcase><testcase classname="tests.test_quick_add_api.TestQuickAddAPI" name="test_quick_add_with_phone_number" time="0.046"><failure message="assert 520 == 200&#10; +  where 520 = &lt;Response [520]&gt;.status_code">tests/test_quick_add_api.py:92: in test_quick_add_with_phone_number
    assert response.status_code == 200
E   assert 520 == 200
E    +  where 520 = &lt;Response [520]&gt;.status_code</failure></testcase><testcase classname="tests.test_quick_add_api.TestQuickAddAPI" name="test_quick_add_invalid_contact" time="0.039" /><testcase classname="tests.test_quick_add_api.TestQuickAddAPI" name="test_quick_add_no_auth" time="0.042" /><testcase classname="tests.test_quick_add_api.TestQuickAddAPI" name="test_quick_add_duplicate_invite" time="0.043"><failure message="assert 520 == 200&#10; +  where 520 = &lt;Response [520]&gt;.status_code">tests/test_quick_add_api.py:134: in test_quick_add_duplicate_invite
    assert response1.status_code == 200
E   assert 520 == 200
E    +  where 520 = &lt;Response [520]&gt;.status_code</failure></testcase><testcase classname="tests.test_quick_add_api.TestInvitesAPI" name="test_get_pending_invites" time="0.079" /><testcase classname="tests.test_quick_add_api.TestInvitesAPI" name="test_get_invites_no_auth" time="0.037" /><testcase classname="tests.test_quick_add_api.TestInvitesAPI" name="test_cancel_invite" time="0.039"><failure message="assert 520 == 200&#10; +  where 520 = &lt;Response [520]&gt;.status_code">tests/test_quick_add_api.py:207: in test_cancel_invite
    assert create_response.status_code == 200
E   assert 520 == 200
E    +  where 520 = &lt;Response [520]&gt;.status_code</failure></testcase><testcase classname="tests.test_quick_add_api.TestInvitesAPI" name="test_cancel_nonexistent_invite" time="0.049" /><testcase classname="tests.test_quick_add_api.TestInvitesAPI" name="test_cancel_invite_no_auth" time="0.075" /><testcase classname="tests.test_quick_add_api.TestQuickAddContactTypeDetection" name="test_email_detection" time="0.040"><failure message="assert 520 == 200&#10; +  where 520 = &lt;Response [520]&gt;.status_code">tests/test_quick_add_api.py:262: in test_email_detection
    assert response.status_code == 200
E   assert 520 == 200
E    +  where 520 = &lt;Response [520]&gt;.status_code</failure></testcase><testcase classname="tests.test_quick_add_api.TestQuickAddContactTypeDetection" name="test_phone_detection" time="0.038"><failure message="assert 400 == 200&#10; +  where 400 = &lt;Response [400]&gt;.status_code">tests/test_quick_add_api.py:284: in test_phone_detection
    assert response.status_code == 200
E   assert 400 == 200
E    +  where 400 = &lt;Response [400]&gt;.status_code</failure></testcase></testsuite></testsuites>