<?xml version="1.0" encoding="utf-8"?><testsuites name="pytest tests"><testsuite name="pytest" errors="0" failures="0" skipped="0" tests="31" time="1.814" timestamp="2026-01-17T18:33:47.969851+00:00" hostname="agent-env-2d3a0765-08d7-4fd5-90c5-a6e6525c580b"><testcase classname="tests.test_social_api.TestFriendshipEndpoints" name="test_send_friend_request_requires_auth" time="0.123" /><testcase classname="tests.test_social_api.TestFriendshipEndpoints" name="test_send_friend_request_to_self_fails" time="0.041" /><testcase classname="tests.test_social_api.TestFriendshipEndpoints" name="test_send_friend_request_success" time="0.041" /><testcase classname="tests.test_social_api.TestFriendshipEndpoints" name="test_get_friends_list_requires_auth" time="0.041" /><testcase classname="tests.test_social_api.TestFriendshipEndpoints" name="test_get_friends_list_shows_outgoing_request" time="0.043" /><testcase classname="tests.test_social_api.TestFriendshipEndpoints" name="test_get_friends_list_shows_incoming_request" time="0.081" /><testcase classname="tests.test_social_api.TestFriendshipEndpoints" name="test_get_friendship_status_requires_auth" time="0.039" /><testcase classname="tests.test_social_api.TestFriendshipEndpoints" name="test_get_friendship_status_outgoing_pending" time="0.040" /><testcase classname="tests.test_social_api.TestFriendshipEndpoints" name="test_get_friendship_status_incoming_pending" time="0.043" /><testcase classname="tests.test_social_api.TestFriendshipEndpoints" name="test_friend_action_requires_auth" time="0.036" /><testcase classname="tests.test_social_api.TestFriendshipEndpoints" name="test_friend_action_only_addressee_can_accept" time="0.081" /><testcase classname="tests.test_social_api.TestFriendshipEndpoints" name="test_friend_action_accept_success" time="0.045" /><testcase classname="tests.test_social_api.TestFriendshipEndpoints" name="test_friendship_status_now_friends" time="0.038" /><testcase classname="tests.test_social_api.TestConversationEndpoints" name="test_get_conversations_requires_auth" time="0.076" /><testcase classname="tests.test_social_api.TestConversationEndpoints" name="test_get_conversations_success" time="0.042" /><testcase classname="tests.test_social_api.TestConversationEndpoints" name="test_get_conversation_with_user_requires_auth" time="0.035" /><testcase classname="tests.test_social_api.TestConversationEndpoints" name="test_get_conversation_with_friend_success" time="0.080" /><testcase classname="tests.test_social_api.TestConversationEndpoints" name="test_get_conversation_with_non_friend_fails" time="0.038" /><testcase classname="tests.test_social_api.TestMessageEndpoints" name="test_send_message_requires_auth" time="0.036" /><testcase classname="tests.test_social_api.TestMessageEndpoints" name="test_send_message_requires_text" time="0.083" /><testcase classname="tests.test_social_api.TestMessageEndpoints" name="test_send_message_success" time="0.125" /><testcase classname="tests.test_social_api.TestMessageEndpoints" name="test_get_messages_requires_auth" time="0.033" /><testcase classname="tests.test_social_api.TestMessageEndpoints" name="test_get_messages_success" time="0.037" /><testcase classname="tests.test_social_api.TestMessageEndpoints" name="test_get_messages_invalid_conversation" time="0.042" /><testcase classname="tests.test_social_api.TestPaymentInChatEndpoint" name="test_send_payment_requires_auth" time="0.042" /><testcase classname="tests.test_social_api.TestPaymentInChatEndpoint" name="test_send_payment_to_self_fails" time="0.037" /><testcase classname="tests.test_social_api.TestPaymentInChatEndpoint" name="test_send_payment_to_non_friend_fails" time="0.039" /><testcase classname="tests.test_social_api.TestPaymentInChatEndpoint" name="test_send_payment_invalid_amount" time="0.082" /><testcase classname="tests.test_social_api.TestPaymentInChatEndpoint" name="test_send_payment_success" time="0.085" /><testcase classname="tests.test_social_api.TestPaymentInChatEndpoint" name="test_payment_creates_message_bubble" time="0.075" /><testcase classname="tests.test_social_api.TestHealthCheck" name="test_health_endpoint" time="0.037" /></testsuite></testsuites>