<?xml version="1.0" encoding="utf-8"?><testsuites name="pytest tests"><testsuite name="pytest" errors="0" failures="0" skipped="0" tests="15" time="0.735" timestamp="2026-01-19T04:39:45.166131+00:00" hostname="agent-env-69bc7d1a-7016-4718-8fa0-201a9012770a"><testcase classname="tests.test_social_send_receive.TestProfileSearchAPIs" name="test_search_people_endpoint_exists" time="0.059" /><testcase classname="tests.test_social_send_receive.TestProfileSearchAPIs" name="test_search_people_returns_personal_profiles" time="0.038" /><testcase classname="tests.test_social_send_receive.TestProfileSearchAPIs" name="test_search_businesses_endpoint_exists" time="0.037" /><testcase classname="tests.test_social_send_receive.TestProfileSearchAPIs" name="test_search_businesses_returns_business_profiles" time="0.038" /><testcase classname="tests.test_social_send_receive.TestProfileSearchAPIs" name="test_search_businesses_has_business_name" time="0.076" /><testcase classname="tests.test_social_send_receive.TestProfileSearchAPIs" name="test_search_short_query_returns_empty" time="0.036" /><testcase classname="tests.test_social_send_receive.TestProfileSearchAPIs" name="test_search_no_results" time="0.035" /><testcase classname="tests.test_social_send_receive.TestBusinessChatAPI" name="test_start_business_chat_requires_auth" time="0.036" /><testcase classname="tests.test_social_send_receive.TestBusinessChatAPI" name="test_start_business_chat_invalid_business" time="0.034" /><testcase classname="tests.test_social_send_receive.TestProfileSwitcher" name="test_get_my_profiles" time="0.034" /><testcase classname="tests.test_social_send_receive.TestProfileSwitcher" name="test_switch_profile_requires_auth" time="0.036" /><testcase classname="tests.test_social_send_receive.TestProfileSwitcher" name="test_switch_profile_invalid_profile" time="0.033" /><testcase classname="tests.test_social_send_receive.TestProfileSwitcher" name="test_switch_to_own_profile" time="0.072" /><testcase classname="tests.test_social_send_receive.TestSocialConversationAPI" name="test_get_conversation_requires_auth" time="0.035" /><testcase classname="tests.test_social_send_receive.TestSenderPeoplePickerRoute" name="test_sender_people_picker_route" time="0.037" /></testsuite></testsuites>