<?xml version="1.0" encoding="utf-8"?><testsuites name="pytest tests"><testsuite name="pytest" errors="0" failures="0" skipped="0" tests="10" time="0.447" timestamp="2026-01-19T19:01:32.960916+00:00" hostname="agent-env-69bc7d1a-7016-4718-8fa0-201a9012770a"><testcase classname="tests.test_ui_merge_navigation.TestProfileByHandleEndpoint" name="test_get_profile_by_handle_success" time="0.060" /><testcase classname="tests.test_ui_merge_navigation.TestProfileByHandleEndpoint" name="test_get_profile_by_handle_with_at_symbol" time="0.036" /><testcase classname="tests.test_ui_merge_navigation.TestProfileByHandleEndpoint" name="test_get_profile_by_handle_not_found" time="0.037" /><testcase classname="tests.test_ui_merge_navigation.TestProfileByHandleEndpoint" name="test_get_profile_by_handle_invalid" time="0.038" /><testcase classname="tests.test_ui_merge_navigation.TestProfileByHandleEndpoint" name="test_profile_by_handle_returns_public_fields_only" time="0.036" /><testcase classname="tests.test_ui_merge_navigation.TestProfileSearchEndpoints" name="test_search_people" time="0.037" /><testcase classname="tests.test_ui_merge_navigation.TestProfileSearchEndpoints" name="test_search_businesses" time="0.034" /><testcase classname="tests.test_ui_merge_navigation.TestBillsEndpoint" name="test_bills_pay_endpoint_exists" time="0.034" /><testcase classname="tests.test_ui_merge_navigation.TestHealthAndRoutes" name="test_api_health" time="0.037" /><testcase classname="tests.test_ui_merge_navigation.TestHealthAndRoutes" name="test_profiles_me_requires_auth" time="0.035" /></testsuite></testsuites>