<?xml version="1.0" encoding="utf-8"?><testsuites name="pytest tests"><testsuite name="pytest" errors="0" failures="0" skipped="0" tests="14" time="0.998" timestamp="2026-01-17T00:55:04.229856+00:00" hostname="agent-env-6da7e760-5cd7-4e8a-a473-b9498d189bcf"><testcase classname="tests.test_user_role_api.TestUserRoleAPI" name="test_set_role_sender_success" time="0.108" /><testcase classname="tests.test_user_role_api.TestUserRoleAPI" name="test_set_role_recipient_success" time="0.050" /><testcase classname="tests.test_user_role_api.TestUserRoleAPI" name="test_set_role_invalid_role" time="0.038" /><testcase classname="tests.test_user_role_api.TestUserRoleAPI" name="test_set_role_no_token" time="0.034" /><testcase classname="tests.test_user_role_api.TestUserRoleAPI" name="test_set_role_empty_token" time="0.036" /><testcase classname="tests.test_user_role_api.TestUserRoleAPI" name="test_set_role_updates_existing_user" time="0.112" /><testcase classname="tests.test_user_role_api.TestUserRoleAPI" name="test_get_user_existing_recipient" time="0.073" /><testcase classname="tests.test_user_role_api.TestUserRoleAPI" name="test_get_user_existing_sender" time="0.038" /><testcase classname="tests.test_user_role_api.TestUserRoleAPI" name="test_get_user_new_user" time="0.076" /><testcase classname="tests.test_user_role_api.TestUserRoleAPI" name="test_get_user_no_token" time="0.032" /><testcase classname="tests.test_user_role_api.TestUserRoleAPI" name="test_get_user_after_set_role" time="0.066" /><testcase classname="tests.test_user_role_api.TestUserRoleAPI" name="test_role_persists_in_database" time="0.144" /><testcase classname="tests.test_user_role_api.TestUserRoleAPI" name="test_response_excludes_mongodb_id" time="0.035" /><testcase classname="tests.test_user_role_api.TestHealthEndpoint" name="test_health_endpoint" time="0.032" /></testsuite></testsuites>